Arguments: 
  /home/lh/.nvm/versions/node/v17.4.0/bin/node /home/lh/.yarn/bin/yarn.js global bin

PATH: 
  /home/lh/.local/share/nvim/mason/bin:/home/lh/.yarn/bin:/home/lh/.config/yarn/global/node_modules/.bin:/home/lh/.yarn/bin:/home/lh/.config/yarn/global/node_modules/.bin:/home/lh/miniconda3/bin:/home/lh/miniconda3/condabin:/home/lh/.nvm/versions/node/v17.4.0/bin:/usr/local/sbin:/usr/local/bin:/usr/bin:/home/lh/.yarn/bin:~/.local/bin:/usr/lib/jvm/default/bin:/usr/bin/site_perl:/usr/bin/vendor_perl:/usr/bin/core_perl:/var/lib/snapd/snap/bin:/home/lh/.yarn/bin:~/.local/bin:/home/lh/.yarn/bin:~/.local/bin:/home/lh/.yarn/bin:~/.local/bin

Yarn version: 
  1.22.19

Node version: 
  17.4.0

Platform: 
  linux x64

Trace: 
  SyntaxError: /home/lh/proj/hackcmu22/productive_alarm_frontend/package.json: Unexpected token < in JSON at position 863
      at JSON.parse (<anonymous>)
      at /home/lh/.yarn/lib/cli.js:1629:59
      at Generator.next (<anonymous>)
      at step (/home/lh/.yarn/lib/cli.js:310:30)
      at /home/lh/.yarn/lib/cli.js:321:13

npm manifest: 
  {
    "name": "productive_alarm_frontend",
    "version": "1.0.0",
    "main": "node_modules/expo/AppEntry.js",
    "scripts": {
      "start": "expo start",
      "android": "expo start --android",
      "ios": "expo start --ios",
      "web": "expo start --web"
    },
    "dependencies": {
      "@react-native-async-storage/async-storage": "~1.17.3",
      "@react-navigation/bottom-tabs": "^6.4.0",
      "@react-navigation/native": "^6.0.13",
      "@react-navigation/native-stack": "^6.9.0",
      "axios": "^0.27.2",
      "expo": "~46.0.9",
      "expo-av": "~12.0.4",
      "expo-status-bar": "~1.4.0",
      "expo-web-browser": "^11.0.0",
      "firebase": "^9.6.11",
      "react": "18.0.0",
      "react-native": "0.69.5",
      "react-native-async-storage": "^0.0.1",
      "react-native-paper": "^5.0.0-rc.5",
      "react-native-safe-area-context": "4.3.1",
      "react-native-screens": "~3.15.0",
  <<<<<<< HEAD
  =======
      "expo-av": "~12.0.4",
  >>>>>>> origin/master
      "expo-camera": "~12.3.0"
    },
    "devDependencies": {
      "@babel/core": "^7.12.9",
      "@types/jest": "^29.0.3",
      "@types/react": "^18.0.20",
      "@types/react-native": "^0.70.1",
      "@types/react-test-renderer": "^18.0.0",
      "typescript": "^4.8.3"
    },
    "private": true
  }

yarn manifest: 
  No manifest

Lockfile: 
  No lockfile
